./src/common/stdpbase.cpp(59): assert ""traits"" failed in Get(): create wxApp before calling this
Loading board
Determining PCB data
Board Thickness from stackup: 1.600 mm
Build STEP data
Add component U19.
Add component R2.
Cannot load any VRML model for this export.
Add component R1.
Cannot load any VRML model for this export.
Add component R3.
Cannot load any VRML model for this export.
Add component U10.
Add component U21.
Add component R4.
Cannot load any VRML model for this export.
Add component U3.
Add component U22.
Add component U11.
Add component U8.
Add component U16.
Add component U18.
Add component U17.
Cannot load any VRML model for this export.
Add component U13.
Add component U20.
Add component U4.
Add component U5.
Add component U2.
Add component U14.
Cannot load any VRML model for this export.
Add component U9.
Add component U1.
Add component U6.
Add component U15.
Add component U23.
Add component U12.
Add component U7.
Create PCB solid model
Board outline: find 4 initial points
Build board outlines (1 outlines) with 4 points.
Build board cutouts and holes (120 hole(s)).
Build holes for shapes

Generate board full shape.
Writing STEP file
2025-01-13 18:36:30.741 kicad-cli[47231:3660719] Error retrieving source file attributes: Error Domain=NSCocoaErrorDomain Code=260 "The file “model.step” couldn’t be opened because there is no such file." UserInfo={NSFilePath=/var/folders/5k/m1rxw8vj0k91ns3vcf8mt0740000gn/T/.tmpzkiCqH/artifacts/manufacturing/board/model.step, NSUnderlyingError=0x600003a3c7e0 {Error Domain=NSPOSIXErrorDomain Code=2 "No such file or directory"}}
STEP file '/var/folders/5k/m1rxw8vj0k91ns3vcf8mt0740000gn/T/.tmpzkiCqH/artifacts/manufacturing/board/model.step' created.

Export time 0.671 s
Loading board
Successfully created svg file
Loading board
Successfully exported VRML to /var/folders/5k/m1rxw8vj0k91ns3vcf8mt0740000gn/T/.tmpzkiCqH/artifacts/manufacturing/board/model.wrl
