./src/common/stdpbase.cpp(59): assert ""traits"" failed in Get(): create wxApp before calling this
INFO: --------------------------------------------------------------------------------
INFO: Running step: SetupBoard
INFO: --------------------------------------------------------------------------------
INFO: --------------------------------------------------------------------------------
INFO: Running step: ImportNetlist
INFO: --------------------------------------------------------------------------------
INFO: 856ffbdb-f1fa-80a7-88a9-65b72670a8c3 (R2): Updating metadata
INFO: f3b808a9-facd-6ad1-45f0-0799b2fb96f2 (U5): Updating metadata
INFO: 16520bec-d0f9-e6c1-8bdb-6676f88d542b (U11): Updating metadata
INFO: 10682e04-cc15-9d91-0d21-b850179446b0 (U9): Updating metadata
INFO: b476b7ed-6756-2290-cfb3-3d26ca68305d (U7): Updating metadata
INFO: df7ee180-a6bd-f116-b7eb-d34cb3c2f6a7 (U3): Updating metadata
INFO: ee7b666a-2152-509a-4b72-ec557b9807cd (U21): Updating metadata
INFO: 83a645b4-ca29-e37c-0de1-73243c54b43a (U13): Updating metadata
INFO: 31dcd600-c903-2953-0b8d-c2ed550a6a8f (R4): Updating metadata
INFO: ec95842a-01af-a872-3e25-d07ff1937f74 (U4): Updating metadata
INFO: 77da0907-98b8-1d57-9f94-1851fb7ed38c (R1): Updating metadata
INFO: a2d1d58e-3e15-238f-8ecf-e93b2407f6f5 (U16): Updating metadata
INFO: 8f1c00af-868f-923a-78d7-540be0212a93 (U20): Updating metadata
INFO: 5e514946-2d72-d6fb-5f08-76de7b49ee72 (U15): Updating metadata
INFO: 1a3ed485-0cd9-d63c-a0f9-68c7bcac9e6a (R3): Updating metadata
INFO: 30aa51aa-b72a-d0e5-8a97-968136d255cb (U14): Updating metadata
INFO: 5210c14f-a74a-6037-7d6e-03f35666fa3d (U17): Updating metadata
INFO: 263b5093-9f6e-6da5-07b3-958e9946bfda (U10): Updating metadata
INFO: 3e706175-ddcd-9e49-5224-320705dfa920 (U18): Updating metadata
INFO: c9a0c526-764c-f11c-108b-1a0f415e540a (U22): Updating metadata
INFO: 8919f7d5-d94b-0b4a-6513-a4e80bfcd7d9 (U2): Updating metadata
INFO: 838e4f97-4970-4b9b-0ee3-46a02610cfa2 (U8): Updating metadata
INFO: ea74c3e2-39d4-3ba1-b19b-3a8b00227e75 (U19): Updating metadata
INFO: da8852f2-25a1-f063-357f-4130b5bdc58e (U12): Updating metadata
INFO: c1d30afe-08d5-a97c-1e62-0975a670ab2a (U1): Updating metadata
INFO: c52b5647-1e5b-dc33-6ff0-a0d84611603f (U23): Updating metadata
INFO: e45a8d87-d318-aaa7-203d-3902d0860ea1 (U6): Updating metadata
INFO: Adding net vcc
INFO: Connecting pad U12/1 to net vcc
INFO: Connecting pad U9/1 to net vcc
INFO: Connecting pad U1/1 to net vcc
INFO: Connecting pad U3/1 to net vcc
INFO: Connecting pad R2/1 to net vcc
INFO: Adding net gnd
INFO: Connecting pad U12/2 to net gnd
INFO: Connecting pad U9/2 to net gnd
INFO: Connecting pad U2/2 to net gnd
INFO: Connecting pad U4/2 to net gnd
INFO: Connecting pad U5/1 to net gnd
INFO: Connecting pad U14/2 to net gnd
INFO: Connecting pad U15/2 to net gnd
INFO: Connecting pad U13/3 to net gnd
INFO: Connecting pad U17/2 to net gnd
INFO: Connecting pad U18/2 to net gnd
INFO: Connecting pad U16/3 to net gnd
INFO: Connecting pad U22/1 to net gnd
INFO: Connecting pad U23/1 to net gnd
INFO: Connecting pad U11/8 to net gnd
INFO: Connecting pad U8/8 to net gnd
INFO: Connecting pad U1/2 to net gnd
INFO: Connecting pad U3/2 to net gnd
INFO: Connecting pad U6/1 to net gnd
INFO: Adding net vcc-1
INFO: Connecting pad U11/7 to net vcc-1
INFO: Connecting pad U8/7 to net vcc-1
INFO: Connecting pad U2/1 to net vcc-1
INFO: Connecting pad U4/1 to net vcc-1
INFO: Connecting pad R1/1 to net vcc-1
INFO: Connecting pad U14/1 to net vcc-1
INFO: Connecting pad U15/1 to net vcc-1
INFO: Connecting pad U13/1 to net vcc-1
INFO: Connecting pad U17/1 to net vcc-1
INFO: Connecting pad U18/1 to net vcc-1
INFO: Connecting pad U16/1 to net vcc-1
INFO: Adding net power_led_5v.ic-p2
INFO: Connecting pad U5/2 to net power_led_5v.ic-p2
INFO: Connecting pad R1/2 to net power_led_5v.ic-p2
INFO: Adding net power_led_12v.ic-p2
INFO: Connecting pad U6/2 to net power_led_12v.ic-p2
INFO: Connecting pad R2/2 to net power_led_12v.ic-p2
INFO: Adding net motor1-in1
INFO: Connecting pad U7/1 to net motor1-in1
INFO: Connecting pad U8/1 to net motor1-in1
INFO: Adding net motor1-in2
INFO: Connecting pad U7/2 to net motor1-in2
INFO: Connecting pad U8/2 to net motor1-in2
INFO: Adding net motor1-in3
INFO: Connecting pad U7/3 to net motor1-in3
INFO: Connecting pad U8/3 to net motor1-in3
INFO: Adding net motor1-in4
INFO: Connecting pad U7/4 to net motor1-in4
INFO: Connecting pad U8/4 to net motor1-in4
INFO: Adding net motor1-ena
INFO: Connecting pad U7/5 to net motor1-ena
INFO: Connecting pad U8/5 to net motor1-ena
INFO: Adding net motor1-enb
INFO: Connecting pad U7/6 to net motor1-enb
INFO: Connecting pad U8/6 to net motor1-enb
INFO: Adding net motor2-in1
INFO: Connecting pad U10/1 to net motor2-in1
INFO: Connecting pad U11/1 to net motor2-in1
INFO: Adding net motor2-in2
INFO: Connecting pad U10/2 to net motor2-in2
INFO: Connecting pad U11/2 to net motor2-in2
INFO: Adding net motor2-in3
INFO: Connecting pad U10/3 to net motor2-in3
INFO: Connecting pad U11/3 to net motor2-in3
INFO: Adding net motor2-in4
INFO: Connecting pad U10/4 to net motor2-in4
INFO: Connecting pad U11/4 to net motor2-in4
INFO: Adding net motor2-ena
INFO: Connecting pad U10/5 to net motor2-ena
INFO: Connecting pad U11/5 to net motor2-ena
INFO: Adding net motor2-enb
INFO: Connecting pad U10/6 to net motor2-enb
INFO: Connecting pad U11/6 to net motor2-enb
INFO: Adding net servo1-control
INFO: Connecting pad U13/2 to net servo1-control
INFO: Connecting pad U19/1 to net servo1-control
INFO: Adding net servo2-control
INFO: Connecting pad U16/2 to net servo2-control
INFO: Connecting pad U19/2 to net servo2-control
INFO: Adding net digital3
INFO: Connecting pad U19/3 to net digital3
INFO: Adding net digital4
INFO: Connecting pad U19/4 to net digital4
INFO: Adding net digital5
INFO: Connecting pad U19/5 to net digital5
INFO: Connecting pad R3/1 to net digital5
INFO: Adding net digital6
INFO: Connecting pad U19/6 to net digital6
INFO: Connecting pad R4/1 to net digital6
INFO: Adding net counter
INFO: Connecting pad U20/1 to net counter
INFO: Connecting pad U21/1 to net counter
INFO: Adding net working
INFO: Connecting pad U20/2 to net working
INFO: Connecting pad U21/2 to net working
INFO: Adding net reference
INFO: Connecting pad U20/3 to net reference
INFO: Connecting pad U21/3 to net reference
INFO: Adding net debug_led_1.ic-p2
INFO: Connecting pad U22/2 to net debug_led_1.ic-p2
INFO: Connecting pad R3/2 to net debug_led_1.ic-p2
INFO: Adding net debug_led_2.ic-p2
INFO: Connecting pad U23/2 to net debug_led_2.ic-p2
INFO: Connecting pad R4/2 to net debug_led_2.ic-p2
INFO: --------------------------------------------------------------------------------
INFO: Running step: SyncLayouts
INFO: --------------------------------------------------------------------------------
INFO: Existing groups: {'servo1.bypass_capacitor': <pcbnew.PCB_GROUP; proxy of <Swig Object of type 'PCB_GROUP *' at 0x101ab71b0> >, 'potentiostat.potentiostat_header_output': <pcbnew.PCB_GROUP; proxy of <Swig Object of type 'PCB_GROUP *' at 0x101ab7030> >, 'potentiostat.potentiostat_header_input': <pcbnew.PCB_GROUP; proxy of <Swig Object of type 'PCB_GROUP *' at 0x101ab76c0> >, 'motor2.motor_output': <pcbnew.PCB_GROUP; proxy of <Swig Object of type 'PCB_GROUP *' at 0x101ab7870> >, 'servo1.bulk_capacitor': <pcbnew.PCB_GROUP; proxy of <Swig Object of type 'PCB_GROUP *' at 0x101ab7ae0> >, 'servo1.servo_header': <pcbnew.PCB_GROUP; proxy of <Swig Object of type 'PCB_GROUP *' at 0x101ab7c90> >, 'motor1.motor_output': <pcbnew.PCB_GROUP; proxy of <Swig Object of type 'PCB_GROUP *' at 0x101ab7e40> >, 'power_in_arduino': <pcbnew.PCB_GROUP; proxy of <Swig Object of type 'PCB_GROUP *' at 0x101abb090> >, 'motor2.motor_input': <pcbnew.PCB_GROUP; proxy of <Swig Object of type 'PCB_GROUP *' at 0x101abb300> >, 'servo2.servo_header': <pcbnew.PCB_GROUP; proxy of <Swig Object of type 'PCB_GROUP *' at 0x101abb540> >, 'arduino_digital_inputs.input_header': <pcbnew.PCB_GROUP; proxy of <Swig Object of type 'PCB_GROUP *' at 0x101abb840> >, 'cap_5v': <pcbnew.PCB_GROUP; proxy of <Swig Object of type 'PCB_GROUP *' at 0x101abb7b0> >, 'servo2.bulk_capacitor': <pcbnew.PCB_GROUP; proxy of <Swig Object of type 'PCB_GROUP *' at 0x101abb720> >, 'servo2.bypass_capacitor': <pcbnew.PCB_GROUP; proxy of <Swig Object of type 'PCB_GROUP *' at 0x101abb990> >, 'motor1.motor_input': <pcbnew.PCB_GROUP; proxy of <Swig Object of type 'PCB_GROUP *' at 0x101abbc90> >}
INFO: Reloading group cap_5v (existing = True)
INFO: Group cap_5v already exists ([<pcbnew.FOOTPRINT; proxy of <Swig Object of type 'FOOTPRINT *' at 0x101a55c60> >])
INFO: Reloading group power_in_arduino (existing = True)
INFO: Group power_in_arduino already exists ([<pcbnew.FOOTPRINT; proxy of <Swig Object of type 'FOOTPRINT *' at 0x101ab72a0> >])
INFO: Reloading group motor1.motor_input (existing = True)
INFO: Group motor1.motor_input already exists ([<pcbnew.FOOTPRINT; proxy of <Swig Object of type 'FOOTPRINT *' at 0x101a408d0> >])
INFO: Reloading group motor1.motor_output (existing = True)
INFO: Group motor1.motor_output already exists ([<pcbnew.FOOTPRINT; proxy of <Swig Object of type 'FOOTPRINT *' at 0x101ab7330> >])
INFO: Reloading group motor2.motor_input (existing = True)
INFO: Group motor2.motor_input already exists ([<pcbnew.FOOTPRINT; proxy of <Swig Object of type 'FOOTPRINT *' at 0x101a55c60> >])
INFO: Reloading group motor2.motor_output (existing = True)
INFO: Group motor2.motor_output already exists ([<pcbnew.FOOTPRINT; proxy of <Swig Object of type 'FOOTPRINT *' at 0x101ab72a0> >])
INFO: Reloading group servo1.servo_header (existing = True)
INFO: Group servo1.servo_header already exists ([<pcbnew.FOOTPRINT; proxy of <Swig Object of type 'FOOTPRINT *' at 0x101a408d0> >])
INFO: Reloading group servo1.bypass_capacitor (existing = True)
INFO: Group servo1.bypass_capacitor already exists ([<pcbnew.FOOTPRINT; proxy of <Swig Object of type 'FOOTPRINT *' at 0x101ab7330> >])
INFO: Reloading group servo1.bulk_capacitor (existing = True)
INFO: Group servo1.bulk_capacitor already exists ([<pcbnew.FOOTPRINT; proxy of <Swig Object of type 'FOOTPRINT *' at 0x101a55c60> >])
INFO: Reloading group servo2.servo_header (existing = True)
INFO: Group servo2.servo_header already exists ([<pcbnew.FOOTPRINT; proxy of <Swig Object of type 'FOOTPRINT *' at 0x101ab72a0> >])
INFO: Reloading group servo2.bypass_capacitor (existing = True)
INFO: Group servo2.bypass_capacitor already exists ([<pcbnew.FOOTPRINT; proxy of <Swig Object of type 'FOOTPRINT *' at 0x101a408d0> >])
INFO: Reloading group servo2.bulk_capacitor (existing = True)
INFO: Group servo2.bulk_capacitor already exists ([<pcbnew.FOOTPRINT; proxy of <Swig Object of type 'FOOTPRINT *' at 0x101ab7330> >])
INFO: Reloading group arduino_digital_inputs.input_header (existing = True)
INFO: Group arduino_digital_inputs.input_header already exists ([<pcbnew.FOOTPRINT; proxy of <Swig Object of type 'FOOTPRINT *' at 0x101a55c60> >])
INFO: Reloading group potentiostat.potentiostat_header_input (existing = True)
INFO: Group potentiostat.potentiostat_header_input already exists ([<pcbnew.FOOTPRINT; proxy of <Swig Object of type 'FOOTPRINT *' at 0x101ab72a0> >])
INFO: Reloading group potentiostat.potentiostat_header_output (existing = True)
INFO: Group potentiostat.potentiostat_header_output already exists ([<pcbnew.FOOTPRINT; proxy of <Swig Object of type 'FOOTPRINT *' at 0x101a408d0> >])
INFO: --------------------------------------------------------------------------------
INFO: Running step: PlaceComponents
INFO: --------------------------------------------------------------------------------
INFO: Placing 0 modules: 
INFO: --------------------------------------------------------------------------------
INFO: Running step: FinalizeBoard
INFO: --------------------------------------------------------------------------------
INFO: Saved layout snapshot to /Users/kirillkalashnikov/Desktop/hardware/sdl-breakout/build/snapshot.layout.json
Syncing groups for board at /Users/kirillkalashnikov/Desktop/hardware/sdl-breakout/elec/layout/default/sdl_breakout.kicad_pcb
